2026-06-16 13:30:16 | starting backup of /home/se-mi-sorakmony/os-lab-automation/project
2026-06-16 13:30:16 | created archive /home/se-mi-sorakmony/os-lab-automation/backups/project_20260616_133016.tar.gz
2026-06-16 13:30:16 | no old archives to prune
2026-06-16 13:30:16 | backup finished successfully
2026-06-16 13:30:17 | starting backup of /home/se-mi-sorakmony/os-lab-automation/project
2026-06-16 13:30:17 | created archive /home/se-mi-sorakmony/os-lab-automation/backups/project_20260616_133017.tar.gz
2026-06-16 13:30:17 | no old archives to prune
2026-06-16 13:30:17 | backup finished successfully
2026-06-16 13:30:18 | starting backup of /home/se-mi-sorakmony/os-lab-automation/project
2026-06-16 13:30:18 | created archive /home/se-mi-sorakmony/os-lab-automation/backups/project_20260616_133018.tar.gz
2026-06-16 13:30:18 | no old archives to prune
2026-06-16 13:30:18 | backup finished successfully
2026-06-16 13:30:19 | starting backup of /home/se-mi-sorakmony/os-lab-automation/project
2026-06-16 13:30:19 | created archive /home/se-mi-sorakmony/os-lab-automation/backups/project_20260616_133019.tar.gz
2026-06-16 13:30:19 | pruned old archive /home/se-mi-sorakmony/os-lab-automation/backups/project_20260616_133016.tar.gz
2026-06-16 13:30:19 | backup finished successfully
2026-06-16 13:30:29 | starting backup of /home/se-mi-sorakmony/os-lab-automation/project
2026-06-16 13:30:29 | created archive /home/se-mi-sorakmony/os-lab-automation/backups/project_20260616_133029.tar.gz
2026-06-16 13:30:29 | pruned old archive /home/se-mi-sorakmony/os-lab-automation/backups/project_20260616_133017.tar.gz
2026-06-16 13:30:29 | backup finished successfully
2026-06-16 13:50:01 | starting backup of /home/se-mi-sorakmony/os-lab-automation/project
2026-06-16 13:50:01 | created archive /home/se-mi-sorakmony/os-lab-automation/backups/project_20260616_135001.tar.gz
2026-06-16 13:50:01 | pruned old archive /home/se-mi-sorakmony/os-lab-automation/backups/project_20260616_133018.tar.gz
2026-06-16 13:50:01 | backup finished successfully
2026-06-16 13:52:01 | starting backup of /home/se-mi-sorakmony/os-lab-automation/project
2026-06-16 13:52:01 | created archive /home/se-mi-sorakmony/os-lab-automation/backups/project_20260616_135201.tar.gz
2026-06-16 13:52:01 | pruned old archive /home/se-mi-sorakmony/os-lab-automation/backups/project_20260616_133019.tar.gz
2026-06-16 13:52:01 | backup finished successfully
2026-06-16 13:54:01 | starting backup of /home/se-mi-sorakmony/os-lab-automation/project
2026-06-16 13:54:01 | created archive /home/se-mi-sorakmony/os-lab-automation/backups/project_20260616_135401.tar.gz
2026-06-16 13:54:01 | pruned old archive /home/se-mi-sorakmony/os-lab-automation/backups/project_20260616_133029.tar.gz
2026-06-16 13:54:01 | backup finished successfully
2026-06-16 13:56:01 | starting backup of /home/se-mi-sorakmony/os-lab-automation/project
2026-06-16 13:56:01 | created archive /home/se-mi-sorakmony/os-lab-automation/backups/project_20260616_135601.tar.gz
2026-06-16 13:56:01 | pruned old archive /home/se-mi-sorakmony/os-lab-automation/backups/project_20260616_135001.tar.gz
2026-06-16 13:56:01 | backup finished successfully
2026-06-16 13:58:01 | starting backup of /home/se-mi-sorakmony/os-lab-automation/project
2026-06-16 13:58:01 | created archive /home/se-mi-sorakmony/os-lab-automation/backups/project_20260616_135801.tar.gz
2026-06-16 13:58:01 | pruned old archive /home/se-mi-sorakmony/os-lab-automation/backups/project_20260616_135201.tar.gz
2026-06-16 13:58:01 | backup finished successfully
2026-06-16 14:00:01 | starting backup of /home/se-mi-sorakmony/os-lab-automation/project
2026-06-16 14:00:01 | created archive /home/se-mi-sorakmony/os-lab-automation/backups/project_20260616_140001.tar.gz
2026-06-16 14:00:01 | pruned old archive /home/se-mi-sorakmony/os-lab-automation/backups/project_20260616_135401.tar.gz
2026-06-16 14:00:01 | backup finished successfully
