----- health check at 2026-06-16 13:54:16 -----
disk usage of home : 5%
my processes       : 10
load / uptime      :  13:54:16 up 21 days, 21:24, 25 users,  load average: 0.40, 0.36, 0.33
logs rotated       : 0
status             : OK (below 90% threshold)
----- health check at 2026-06-16 13:56:01 -----
disk usage of home : 5%
my processes       : 11
load / uptime      :  13:56:01 up 21 days, 21:26, 26 users,  load average: 0.40, 0.35, 0.33
logs rotated       : 0
status             : OK (below 90% threshold)
----- health check at 2026-06-16 13:56:17 -----
disk usage of home : 5%
my processes       : 10
load / uptime      :  13:56:17 up 21 days, 21:26, 26 users,  load average: 0.38, 0.35, 0.33
logs rotated       : 1
status             : OK (below 90% threshold)
----- health check at 2026-06-16 13:58:01 -----
disk usage of home : 5%
my processes       : 12
load / uptime      :  13:58:01 up 21 days, 21:28, 24 users,  load average: 0.20, 0.32, 0.33
logs rotated       : 0
status             : OK (below 90% threshold)
----- health check at 2026-06-16 14:00:01 -----
disk usage of home : 5%
my processes       : 11
load / uptime      :  14:00:01 up 21 days, 21:30, 25 users,  load average: 0.35, 0.34, 0.33
logs rotated       : 0
status             : OK (below 90% threshold)
